#
# There is insufficient memory for the Java Runtime Environment to continue.
# Native memory allocation (malloc) failed to allocate 32744 bytes for ChunkPool::allocate
# Possible reasons:
#   The system is out of physical RAM or swap space
#   In 32 bit mode, the process size limit was hit
# Possible solutions:
#   Reduce memory load on the system
#   Increase physical memory or swap space
#   Check if swap backing store is full
#   Use 64 bit Java on a 64 bit OS
#   Decrease Java heap size (-Xmx/-Xms)
#   Decrease number of Java threads
#   Decrease Java thread stack sizes (-Xss)
#   Set larger code cache with -XX:ReservedCodeCacheSize=
# This output file may be truncated or incomplete.
#
#  Out of Memory Error (allocation.cpp:273), pid=4468, tid=5668
#
# JRE version: Java(TM) SE Runtime Environment (8.0_40-b26) (build 1.8.0_40-b26)
# Java VM: Java HotSpot(TM) 64-Bit Server VM (25.40-b25 mixed mode windows-amd64 compressed oops)
# Failed to write core dump. Minidumps are not enabled by default on client versions of Windows
#

---------------  T H R E A D  ---------------

Current thread (0x0000000055f88000):  JavaThread "C2 CompilerThread0" daemon [_thread_in_native, id=5668, stack(0x0000000056130000,0x0000000056230000)]

Stack: [0x0000000056130000,0x0000000056230000]
Native frames: (J=compiled Java code, j=interpreted, Vv=VM code, C=native code)
V  [jvm.dll+0x32b47a]


Current CompileTask:
C2: 135805 6727   !   4       net.minecraftforge.client.model.ModelLoader$WeightedRandomModel::<init> (304 bytes)


---------------  P R O C E S S  ---------------

Java Threads: ( => current thread )
  0x000000005e4ae000 JavaThread "Thread-15" [_thread_blocked, id=4344, stack(0x000000006e960000,0x000000006ea60000)]
  0x000000005e4ac800 JavaThread "Thread-14" [_thread_blocked, id=6044, stack(0x000000005c2f0000,0x000000005c3f0000)]
  0x000000005e4ad000 JavaThread "AWT-Windows" daemon [_thread_in_native, id=4860, stack(0x00000000747a0000,0x00000000748a0000)]
  0x000000005e4ab800 JavaThread "Chunk Batcher 1" daemon [_thread_blocked, id=5880, stack(0x000000006f380000,0x000000006f480000)]
  0x000000005e4ab000 JavaThread "Chunk Batcher 0" daemon [_thread_blocked, id=2896, stack(0x0000000068610000,0x0000000068710000)]
  0x000000005988d800 JavaThread "LWJGL Timer" daemon [_thread_blocked, id=5508, stack(0x0000000064380000,0x0000000064480000)]
  0x0000000059620800 JavaThread "Thread-7" [_thread_blocked, id=1596, stack(0x0000000063e70000,0x0000000063f70000)]
  0x0000000059b84800 JavaThread "Java2D Disposer" daemon [_thread_blocked, id=5168, stack(0x000000005cf20000,0x000000005d020000)]
  0x000000005e261800 JavaThread "Timer hack thread" daemon [_thread_blocked, id=5764, stack(0x000000005cdc0000,0x000000005cec0000)]
  0x0000000056861000 JavaThread "Snooper Timer" daemon [_thread_blocked, id=4800, stack(0x000000005c4e0000,0x000000005c5e0000)]
  0x00000000591cd800 JavaThread "Snooper Timer" daemon [_thread_blocked, id=4124, stack(0x0000000058dc0000,0x0000000058ec0000)]
  0x0000000056065000 JavaThread "Service Thread" daemon [_thread_blocked, id=3416, stack(0x0000000056500000,0x0000000056600000)]
  0x0000000055f89000 JavaThread "C1 CompilerThread1" daemon [_thread_blocked, id=1648, stack(0x0000000056320000,0x0000000056420000)]
=>0x0000000055f88000 JavaThread "C2 CompilerThread0" daemon [_thread_in_native, id=5668, stack(0x0000000056130000,0x0000000056230000)]
  0x0000000054638000 JavaThread "JDWP Command Reader" daemon [_thread_in_native, id=4428, stack(0x0000000055c00000,0x0000000055d00000)]
  0x0000000054632800 JavaThread "JDWP Event Helper Thread" daemon [_thread_blocked, id=4680, stack(0x0000000055a60000,0x0000000055b60000)]
  0x0000000054630800 JavaThread "JDWP Transport Listener: dt_socket" daemon [_thread_blocked, id=5488, stack(0x0000000055240000,0x0000000055340000)]
  0x0000000054620000 JavaThread "Attach Listener" daemon [_thread_blocked, id=4748, stack(0x0000000055910000,0x0000000055a10000)]
  0x000000005461f000 JavaThread "Signal Dispatcher" daemon [_thread_blocked, id=2996, stack(0x00000000556d0000,0x00000000557d0000)]
  0x00000000545bb800 JavaThread "Finalizer" daemon [_thread_blocked, id=4928, stack(0x00000000554b0000,0x00000000555b0000)]
  0x00000000545b8000 JavaThread "Reference Handler" daemon [_thread_blocked, id=5420, stack(0x0000000055360000,0x0000000055460000)]
  0x000000000029d000 JavaThread "Client thread" [_thread_in_vm, id=5256, stack(0x00000000024c0000,0x00000000025c0000)]

Other Threads:
  0x00000000545b2800 VMThread [stack: 0x0000000055140000,0x0000000055240000] [id=5964]
  0x0000000056068000 WatcherThread [stack: 0x00000000566a0000,0x00000000567a0000] [id=3388]

VM state:not at safepoint (normal execution)

VM Mutex/Monitor currently owned by a thread: None

Heap:
 PSYoungGen      total 206336K, used 138527K [0x00000000ef580000, 0x0000000100000000, 0x0000000100000000)
  eden space 168448K, 59% used [0x00000000ef580000,0x00000000f57f90a0,0x00000000f9a00000)
  from space 37888K, 99% used [0x00000000f9a00000,0x00000000fbecee88,0x00000000fbf00000)
  to   space 55296K, 0% used [0x00000000fca00000,0x00000000fca00000,0x0000000100000000)
 ParOldGen       total 148992K, used 123703K [0x00000000ce000000, 0x00000000d7180000, 0x00000000ef580000)
  object space 148992K, 83% used [0x00000000ce000000,0x00000000d58cddd8,0x00000000d7180000)
 Metaspace       used 54834K, capacity 55299K, committed 55936K, reserved 1097728K
  class space    used 7550K, capacity 7703K, committed 7808K, reserved 1048576K

Card table byte_map: [0x0000000011c50000,0x0000000011df0000] byte_map_base: 0x00000000115e0000

Marking Bits: (ParMarkBitMap*) 0x0000000063974040
 Begin Bits: [0x00000000121f0000, 0x0000000012e70000)
 End Bits:   [0x0000000012e70000, 0x0000000013af0000)

Polling page: 0x0000000000230000

CodeCache: size=245760Kb used=18163Kb max_used=18790Kb free=227596Kb
 bounds [0x0000000002890000, 0x0000000003b10000, 0x0000000011890000]
 total_blobs=5713 nmethods=4923 adapters=711
 compilation: enabled

Compilation events (10 events):
Event: 134.585 Thread 0x0000000055f88000 nmethod 6723 0x0000000002ebded0 code [0x0000000002ebe020, 0x0000000002ebe0e8]
Event: 134.585 Thread 0x0000000055f88000 6724       4       net.minecraft.client.renderer.block.model.ModelBlockDefinition$Variants::<init> (15 bytes)
Event: 134.586 Thread 0x0000000055f88000 nmethod 6724 0x0000000003085150 code [0x0000000003085280, 0x00000000030852f8]
Event: 134.589 Thread 0x0000000055f88000 6726       4       com.google.gson.internal.bind.JsonTreeReader::endArray (18 bytes)
Event: 134.594 Thread 0x0000000055f88000 nmethod 6726 0x0000000002eca7d0 code [0x0000000002eca940, 0x0000000002ecab88]
Event: 134.594 Thread 0x0000000055f88000 6727   !   4       net.minecraftforge.client.model.ModelLoader$WeightedRandomModel::<init> (304 bytes)
Event: 134.624 Thread 0x0000000055f89000 6730   !   3       sun.net.www.protocol.jar.JarURLConnection::connect (147 bytes)
Event: 134.626 Thread 0x0000000055f89000 nmethod 6730 0x0000000002e0ad50 code [0x0000000002e0b020, 0x0000000002e0c3c8]
Event: 134.930 Thread 0x0000000055f89000 6732       1       java.util.HashMap::afterNodeRemoval (1 bytes)
Event: 134.930 Thread 0x0000000055f89000 nmethod 6732 0x00000000030fed10 code [0x00000000030fee60, 0x00000000030fef70]

GC Heap History (10 events):
Event: 95.265 GC heap before
{Heap before GC invocations=32 (full 5):
 PSYoungGen      total 235008K, used 221789K [0x00000000ef580000, 0x0000000100000000, 0x0000000100000000)
  eden space 201728K, 100% used [0x00000000ef580000,0x00000000fba80000,0x00000000fba80000)
  from space 33280K, 60% used [0x00000000fdb80000,0x00000000fef176e8,0x00000000ffc00000)
  to   space 33792K, 0% used [0x00000000fba80000,0x00000000fba80000,0x00000000fdb80000)
 ParOldGen       total 148992K, used 123679K [0x00000000ce000000, 0x00000000d7180000, 0x00000000ef580000)
  object space 148992K, 83% used [0x00000000ce000000,0x00000000d58c7dd8,0x00000000d7180000)
 Metaspace       used 50096K, capacity 50451K, committed 50944K, reserved 1093632K
  class space    used 6969K, capacity 7116K, committed 7168K, reserved 1048576K
Event: 95.335 GC heap after
Heap after GC invocations=32 (full 5):
 PSYoungGen      total 235520K, used 26789K [0x00000000ef580000, 0x0000000100000000, 0x0000000100000000)
  eden space 201728K, 0% used [0x00000000ef580000,0x00000000ef580000,0x00000000fba80000)
  from space 33792K, 79% used [0x00000000fba80000,0x00000000fd4a9770,0x00000000fdb80000)
  to   space 36352K, 0% used [0x00000000fdc80000,0x00000000fdc80000,0x0000000100000000)
 ParOldGen       total 148992K, used 123679K [0x00000000ce000000, 0x00000000d7180000, 0x00000000ef580000)
  object space 148992K, 83% used [0x00000000ce000000,0x00000000d58c7dd8,0x00000000d7180000)
 Metaspace       used 50096K, capacity 50451K, committed 50944K, reserved 1093632K
  class space    used 6969K, capacity 7116K, committed 7168K, reserved 1048576K
}
Event: 96.802 GC heap before
{Heap before GC invocations=33 (full 5):
 PSYoungGen      total 235520K, used 228517K [0x00000000ef580000, 0x0000000100000000, 0x0000000100000000)
  eden space 201728K, 100% used [0x00000000ef580000,0x00000000fba80000,0x00000000fba80000)
  from space 33792K, 79% used [0x00000000fba80000,0x00000000fd4a9770,0x00000000fdb80000)
  to   space 36352K, 0% used [0x00000000fdc80000,0x00000000fdc80000,0x0000000100000000)
 ParOldGen       total 148992K, used 123679K [0x00000000ce000000, 0x00000000d7180000, 0x00000000ef580000)
  object space 148992K, 83% used [0x00000000ce000000,0x00000000d58c7dd8,0x00000000d7180000)
 Metaspace       used 50718K, capacity 51059K, committed 51456K, reserved 1093632K
  class space    used 7028K, capacity 7148K, committed 7168K, reserved 1048576K
Event: 96.942 GC heap after
Heap after GC invocations=33 (full 5):
 PSYoungGen      total 226304K, used 35350K [0x00000000ef580000, 0x0000000100000000, 0x0000000100000000)
  eden space 189952K, 0% used [0x00000000ef580000,0x00000000ef580000,0x00000000faf00000)
  from space 36352K, 97% used [0x00000000fdc80000,0x00000000fff05b80,0x0000000100000000)
  to   space 41472K, 0% used [0x00000000faf00000,0x00000000faf00000,0x00000000fd780000)
 ParOldGen       total 148992K, used 123687K [0x00000000ce000000, 0x00000000d7180000, 0x00000000ef580000)
  object space 148992K, 83% used [0x00000000ce000000,0x00000000d58c9dd8,0x00000000d7180000)
 Metaspace       used 50718K, capacity 51059K, committed 51456K, reserved 1093632K
  class space    used 7028K, capacity 7148K, committed 7168K, reserved 1048576K
}
Event: 98.785 GC heap before
{Heap before GC invocations=34 (full 5):
 PSYoungGen      total 226304K, used 225302K [0x00000000ef580000, 0x0000000100000000, 0x0000000100000000)
  eden space 189952K, 100% used [0x00000000ef580000,0x00000000faf00000,0x00000000faf00000)
  from space 36352K, 97% used [0x00000000fdc80000,0x00000000fff05b80,0x0000000100000000)
  to   space 41472K, 0% used [0x00000000faf00000,0x00000000faf00000,0x00000000fd780000)
 ParOldGen       total 148992K, used 123687K [0x00000000ce000000, 0x00000000d7180000, 0x00000000ef580000)
  object space 148992K, 83% used [0x00000000ce000000,0x00000000d58c9dd8,0x00000000d7180000)
 Metaspace       used 52145K, capacity 52447K, committed 52736K, reserved 1095680K
  class space    used 7257K, capacity 7375K, committed 7424K, reserved 1048576K
Event: 98.879 GC heap after
Heap after GC invocations=34 (full 5):
 PSYoungGen      total 229888K, used 39796K [0x00000000ef580000, 0x0000000100000000, 0x0000000100000000)
  eden space 189952K, 0% used [0x00000000ef580000,0x00000000ef580000,0x00000000faf00000)
  from space 39936K, 99% used [0x00000000faf00000,0x00000000fd5dd0a8,0x00000000fd600000)
  to   space 43008K, 0% used [0x00000000fd600000,0x00000000fd600000,0x0000000100000000)
 ParOldGen       total 148992K, used 123687K [0x00000000ce000000, 0x00000000d7180000, 0x00000000ef580000)
  object space 148992K, 83% used [0x00000000ce000000,0x00000000d58c9dd8,0x00000000d7180000)
 Metaspace       used 52145K, capacity 52447K, committed 52736K, reserved 1095680K
  class space    used 7257K, capacity 7375K, committed 7424K, reserved 1048576K
}
Event: 102.607 GC heap before
{Heap before GC invocations=35 (full 5):
 PSYoungGen      total 229888K, used 229748K [0x00000000ef580000, 0x0000000100000000, 0x0000000100000000)
  eden space 189952K, 100% used [0x00000000ef580000,0x00000000faf00000,0x00000000faf00000)
  from space 39936K, 99% used [0x00000000faf00000,0x00000000fd5dd0a8,0x00000000fd600000)
  to   space 43008K, 0% used [0x00000000fd600000,0x00000000fd600000,0x0000000100000000)
 ParOldGen       total 148992K, used 123687K [0x00000000ce000000, 0x00000000d7180000, 0x00000000ef580000)
  object space 148992K, 83% used [0x00000000ce000000,0x00000000d58c9dd8,0x00000000d7180000)
 Metaspace       used 54807K, capacity 55171K, committed 55680K, reserved 1097728K
  class space    used 7549K, capacity 7703K, committed 7808K, reserved 1048576K
Event: 102.747 GC heap after
Heap after GC invocations=35 (full 5):
 PSYoungGen      total 211456K, used 40946K [0x00000000ef580000, 0x0000000100000000, 0x0000000100000000)
  eden space 168448K, 0% used [0x00000000ef580000,0x00000000ef580000,0x00000000f9a00000)
  from space 43008K, 95% used [0x00000000fd600000,0x00000000ffdfca80,0x0000000100000000)
  to   space 52224K, 0% used [0x00000000f9a00000,0x00000000f9a00000,0x00000000fcd00000)
 ParOldGen       total 148992K, used 123695K [0x00000000ce000000, 0x00000000d7180000, 0x00000000ef580000)
  object space 148992K, 83% used [0x00000000ce000000,0x00000000d58cbdd8,0x00000000d7180000)
 Metaspace       used 54807K, capacity 55171K, committed 55680K, reserved 1097728K
  class space    used 7549K, capacity 7703K, committed 7808K, reserved 1048576K
}
Event: 134.251 GC heap before
{Heap before GC invocations=36 (full 5):
 PSYoungGen      total 211456K, used 209394K [0x00000000ef580000, 0x0000000100000000, 0x0000000100000000)
  eden space 168448K, 100% used [0x00000000ef580000,0x00000000f9a00000,0x00000000f9a00000)
  from space 43008K, 95% used [0x00000000fd600000,0x00000000ffdfca80,0x0000000100000000)
  to   space 52224K, 0% used [0x00000000f9a00000,0x00000000f9a00000,0x00000000fcd00000)
 ParOldGen       total 148992K, used 123695K [0x00000000ce000000, 0x00000000d7180000, 0x00000000ef580000)
  object space 148992K, 83% used [0x00000000ce000000,0x00000000d58cbdd8,0x00000000d7180000)
 Metaspace       used 54834K, capacity 55299K, committed 55936K, reserved 1097728K
  class space    used 7550K, capacity 7703K, committed 7808K, reserved 1048576K
Event: 134.342 GC heap after
Heap after GC invocations=36 (full 5):
 PSYoungGen      total 206336K, used 37691K [0x00000000ef580000, 0x0000000100000000, 0x0000000100000000)
  eden space 168448K, 0% used [0x00000000ef580000,0x00000000ef580000,0x00000000f9a00000)
  from space 37888K, 99% used [0x00000000f9a00000,0x00000000fbecee88,0x00000000fbf00000)
  to   space 55296K, 0% used [0x00000000fca00000,0x00000000fca00000,0x0000000100000000)
 ParOldGen       total 148992K, used 123703K [0x00000000ce000000, 0x00000000d7180000, 0x00000000ef580000)
  object space 148992K, 83% used [0x00000000ce000000,0x00000000d58cddd8,0x00000000d7180000)
 Metaspace       used 54834K, capacity 55299K, committed 55936K, reserved 1097728K
  class space    used 7550K, capacity 7703K, committed 7808K, reserved 1048576K
}

Deoptimization events (10 events):
Event: 102.758 Thread 0x000000000029d000 Uncommon trap: reason=bimorphic action=maybe_recompile pc=0x0000000003038eb0 method=java.util.regex.Pattern$5.isSatisfiedBy(I)Z @ 5
Event: 102.758 Thread 0x000000000029d000 Uncommon trap: reason=bimorphic action=maybe_recompile pc=0x0000000003038eb0 method=java.util.regex.Pattern$5.isSatisfiedBy(I)Z @ 5
Event: 102.759 Thread 0x000000000029d000 Uncommon trap: reason=unstable_if action=reinterpret pc=0x0000000002f1c24c method=java.util.regex.Pattern$BitClass.isSatisfiedBy(I)Z @ 13
Event: 103.229 Thread 0x000000000029d000 Uncommon trap: reason=class_check action=maybe_recompile pc=0x0000000003811890 method=com.google.gson.internal.$Gson$Types.getRawType(Ljava/lang/reflect/Type;)Ljava/lang/Class; @ 1
Event: 103.229 Thread 0x000000000029d000 Uncommon trap: reason=unstable_if action=reinterpret pc=0x0000000003724bf8 method=com.google.gson.internal.$Gson$Types.equals(Ljava/lang/reflect/Type;Ljava/lang/reflect/Type;)Z @ 2
Event: 103.244 Thread 0x000000000029d000 Uncommon trap: reason=class_check action=maybe_recompile pc=0x0000000002bc9e50 method=com.google.gson.JsonArray.get(I)Lcom/google/gson/JsonElement; @ 10
Event: 103.244 Thread 0x000000000029d000 Uncommon trap: reason=class_check action=maybe_recompile pc=0x0000000002bc9e50 method=com.google.gson.JsonArray.get(I)Lcom/google/gson/JsonElement; @ 10
Event: 103.244 Thread 0x000000000029d000 Uncommon trap: reason=class_check action=maybe_recompile pc=0x0000000002bc9e50 method=com.google.gson.JsonArray.get(I)Lcom/google/gson/JsonElement; @ 10
Event: 103.244 Thread 0x000000000029d000 Uncommon trap: reason=class_check action=maybe_recompile pc=0x0000000002bc9e50 method=com.google.gson.JsonArray.get(I)Lcom/google/gson/JsonElement; @ 10
Event: 103.251 Thread 0x000000000029d000 Uncommon trap: reason=speculate_class_check action=maybe_recompile pc=0x00000000037ed2d0 method=java.nio.charset.CharsetDecoder.reset()Ljava/nio/charset/CharsetDecoder; @ 1

Internal exceptions (10 events):
Event: 135.565 Thread 0x000000000029d000 NullPointerException in IC check 0x0000000003992680
Event: 135.565 Thread 0x000000000029d000 Exception <a 'java/lang/NullPointerException'> (0x00000000f5347f08) thrown at [D:\re\workspace\8-2-build-windows-amd64-cygwin\jdk8u40\3098\hotspot\src\share\vm\runtime\sharedRuntime.cpp, line 605]
Event: 135.569 Thread 0x000000000029d000 NullPointerException in IC check 0x0000000003992680
Event: 135.569 Thread 0x000000000029d000 Exception <a 'java/lang/NullPointerException'> (0x00000000f5395248) thrown at [D:\re\workspace\8-2-build-windows-amd64-cygwin\jdk8u40\3098\hotspot\src\share\vm\runtime\sharedRuntime.cpp, line 605]
Event: 135.576 Thread 0x000000000029d000 NullPointerException in IC check 0x0000000003992680
Event: 135.576 Thread 0x000000000029d000 Exception <a 'java/lang/NullPointerException'> (0x00000000f5418c30) thrown at [D:\re\workspace\8-2-build-windows-amd64-cygwin\jdk8u40\3098\hotspot\src\share\vm\runtime\sharedRuntime.cpp, line 605]
Event: 135.582 Thread 0x000000000029d000 NullPointerException in IC check 0x0000000003992680
Event: 135.582 Thread 0x000000000029d000 Exception <a 'java/lang/NullPointerException'> (0x00000000f5461ec0) thrown at [D:\re\workspace\8-2-build-windows-amd64-cygwin\jdk8u40\3098\hotspot\src\share\vm\runtime\sharedRuntime.cpp, line 605]
Event: 135.588 Thread 0x000000000029d000 NullPointerException in IC check 0x0000000003992680
Event: 135.588 Thread 0x000000000029d000 Exception <a 'java/lang/NullPointerException'> (0x00000000f55279e0) thrown at [D:\re\workspace\8-2-build-windows-amd64-cygwin\jdk8u40\3098\hotspot\src\share\vm\runtime\sharedRuntime.cpp, line 605]

Events (10 events):
Event: 135.576 Thread 0x000000000029d000 DEOPT PACKING pc=0x0000000002d52054 sp=0x00000000025bcd50
Event: 135.576 Thread 0x000000000029d000 DEOPT UNPACKING pc=0x00000000028d71bf sp=0x00000000025bcae0 mode 1
Event: 135.582 Thread 0x000000000029d000 DEOPT PACKING pc=0x0000000002a97e2c sp=0x00000000025bccf0
Event: 135.582 Thread 0x000000000029d000 DEOPT UNPACKING pc=0x00000000028d71bf sp=0x00000000025bca10 mode 1
Event: 135.582 Thread 0x000000000029d000 DEOPT PACKING pc=0x0000000002d52054 sp=0x00000000025bcd50
Event: 135.583 Thread 0x000000000029d000 DEOPT UNPACKING pc=0x00000000028d71bf sp=0x00000000025bcae0 mode 1
Event: 135.588 Thread 0x000000000029d000 DEOPT PACKING pc=0x0000000002a97e2c sp=0x00000000025bccf0
Event: 135.588 Thread 0x000000000029d000 DEOPT UNPACKING pc=0x00000000028d71bf sp=0x00000000025bca10 mode 1
Event: 135.588 Thread 0x000000000029d000 DEOPT PACKING pc=0x0000000002d52054 sp=0x00000000025bcd50
Event: 135.588 Thread 0x000000000029d000 DEOPT UNPACKING pc=0x00000000028d71bf sp=0x00000000025bcae0 mode 1


Dynamic libraries:
0x000000013f610000 - 0x000000013f647000 	D:\Program Files\Java\jdk1.8.0_40\bin\java.exe
0x00000000770a0000 - 0x000000007724b000 	C:\Windows\SYSTEM32\ntdll.dll
0x0000000076f80000 - 0x000000007709f000 	C:\Windows\system32\kernel32.dll
0x000007fefd300000 - 0x000007fefd36b000 	C:\Windows\system32\KERNELBASE.dll
0x000007feff2d0000 - 0x000007feff3ab000 	C:\Windows\system32\ADVAPI32.dll
0x000007fefee70000 - 0x000007fefef0f000 	C:\Windows\system32\msvcrt.dll
0x000007fefd5b0000 - 0x000007fefd5cf000 	C:\Windows\SYSTEM32\sechost.dll
0x000007feff1a0000 - 0x000007feff2ce000 	C:\Windows\system32\RPCRT4.dll
0x0000000076e80000 - 0x0000000076f7a000 	C:\Windows\system32\USER32.dll
0x000007feff130000 - 0x000007feff197000 	C:\Windows\system32\GDI32.dll
0x000007fefea00000 - 0x000007fefea0e000 	C:\Windows\system32\LPK.dll
0x000007fefe7d0000 - 0x000007fefe89a000 	C:\Windows\system32\USP10.dll
0x000007fefb9d0000 - 0x000007fefbbc4000 	C:\Windows\WinSxS\amd64_microsoft.windows.common-controls_6595b64144ccf1df_6.0.7600.16385_none_fa645303170382f6\COMCTL32.dll
0x000007fefeb80000 - 0x000007fefebf1000 	C:\Windows\system32\SHLWAPI.dll
0x000007fefe8a0000 - 0x000007fefe8ce000 	C:\Windows\system32\IMM32.DLL
0x000007fefe570000 - 0x000007fefe679000 	C:\Windows\system32\MSCTF.dll
0x00000000688e0000 - 0x00000000689b2000 	D:\Program Files\Java\jdk1.8.0_40\jre\bin\msvcr100.dll
0x0000000063170000 - 0x00000000639f3000 	D:\Program Files\Java\jdk1.8.0_40\jre\bin\server\jvm.dll
0x000007fef7ad0000 - 0x000007fef7ad9000 	C:\Windows\system32\WSOCK32.dll
0x000007fefe780000 - 0x000007fefe7cd000 	C:\Windows\system32\WS2_32.dll
0x000007fefec00000 - 0x000007fefec08000 	C:\Windows\system32\NSI.dll
0x000007fefae30000 - 0x000007fefae6b000 	C:\Windows\system32\WINMM.dll
0x000007fefc140000 - 0x000007fefc14c000 	C:\Windows\system32\VERSION.dll
0x0000000077270000 - 0x0000000077277000 	C:\Windows\system32\PSAPI.DLL
0x00000000688d0000 - 0x00000000688df000 	D:\Program Files\Java\jdk1.8.0_40\jre\bin\verify.dll
0x00000000688a0000 - 0x00000000688c9000 	D:\Program Files\Java\jdk1.8.0_40\jre\bin\java.dll
0x0000000068860000 - 0x0000000068895000 	D:\Program Files\Java\jdk1.8.0_40\jre\bin\jdwp.dll
0x0000000068850000 - 0x0000000068858000 	D:\Program Files\Java\jdk1.8.0_40\jre\bin\npt.dll
0x0000000068820000 - 0x0000000068843000 	D:\Program Files\Java\jdk1.8.0_40\jre\bin\instrument.dll
0x0000000068800000 - 0x0000000068816000 	D:\Program Files\Java\jdk1.8.0_40\jre\bin\zip.dll
0x000007fefd7e0000 - 0x000007fefe567000 	C:\Windows\system32\SHELL32.dll
0x000007fefd5d0000 - 0x000007fefd7d1000 	C:\Windows\system32\ole32.dll
0x000007fefd000000 - 0x000007fefd00f000 	C:\Windows\system32\profapi.dll
0x00000000687f0000 - 0x00000000687f9000 	D:\Program Files\Java\jdk1.8.0_40\jre\bin\dt_socket.dll
0x000007fefc830000 - 0x000007fefc884000 	C:\Windows\system32\mswsock.dll
0x000007fefc210000 - 0x000007fefc217000 	C:\Windows\System32\wshtcpip.dll
0x00000000687a0000 - 0x00000000687ad000 	D:\Program Files\Java\jdk1.8.0_40\jre\bin\management.dll
0x00000000687d0000 - 0x00000000687ea000 	D:\Program Files\Java\jdk1.8.0_40\jre\bin\net.dll
0x000007fefc820000 - 0x000007fefc827000 	C:\Windows\System32\wship6.dll
0x00000000687b0000 - 0x00000000687c1000 	D:\Program Files\Java\jdk1.8.0_40\jre\bin\nio.dll
0x000007fefb150000 - 0x000007fefb165000 	C:\Windows\system32\NLAapi.dll
0x000007fefc6b0000 - 0x000007fefc70b000 	C:\Windows\system32\DNSAPI.dll
0x000007fef74e0000 - 0x000007fef74eb000 	C:\Windows\System32\winrnr.dll
0x000007fef74c0000 - 0x000007fef74d5000 	C:\Windows\system32\napinsp.dll
0x000007fef74a0000 - 0x000007fef74b9000 	C:\Windows\system32\pnrpnsp.dll
0x000007fefada0000 - 0x000007fefadc7000 	C:\Windows\system32\IPHLPAPI.DLL
0x000007fefad90000 - 0x000007fefad9b000 	C:\Windows\system32\WINNSI.DLL
0x000007fef7ee0000 - 0x000007fef7ee8000 	C:\Windows\system32\rasadhlp.dll
0x000007fefac00000 - 0x000007fefac53000 	C:\Windows\System32\fwpuclnt.dll
0x0000000180000000 - 0x0000000180051000 	D:\.gradle\caches\minecraft\net\minecraft\minecraft_natives\1.8\lwjgl64.dll
0x000007feee2d0000 - 0x000007feee3ed000 	C:\Windows\system32\OPENGL32.dll
0x000007fef7bb0000 - 0x000007fef7bdd000 	C:\Windows\system32\GLU32.dll
0x000007feee1d0000 - 0x000007feee2c1000 	C:\Windows\system32\DDRAW.dll
0x000007fefaef0000 - 0x000007fefaef8000 	C:\Windows\system32\DCIMAN32.dll
0x000007fefd3d0000 - 0x000007fefd5a7000 	C:\Windows\system32\SETUPAPI.dll
0x000007fefd370000 - 0x000007fefd3a6000 	C:\Windows\system32\CFGMGR32.dll
0x000007fefe6a0000 - 0x000007fefe777000 	C:\Windows\system32\OLEAUT32.dll
0x000007fefd3b0000 - 0x000007fefd3ca000 	C:\Windows\system32\DEVOBJ.dll
0x000007fefb390000 - 0x000007fefb3a8000 	C:\Windows\system32\dwmapi.dll
0x000007fefc890000 - 0x000007fefc8a7000 	C:\Windows\system32\CRYPTSP.dll
0x000007fefc590000 - 0x000007fefc5d7000 	C:\Windows\system32\rsaenh.dll
0x000007fefc350000 - 0x000007fefc36e000 	C:\Windows\system32\USERENV.dll
0x000007fefcef0000 - 0x000007fefceff000 	C:\Windows\system32\CRYPTBASE.dll
0x000007fefaa70000 - 0x000007fefaa81000 	C:\Windows\system32\dhcpcsvc6.DLL
0x000007fefaa50000 - 0x000007fefaa68000 	C:\Windows\system32\dhcpcsvc.DLL
0x0000000064a20000 - 0x0000000064bb8000 	D:\Program Files\Java\jdk1.8.0_40\jre\bin\awt.dll
0x000007fefb770000 - 0x000007fefb7c6000 	C:\Windows\system32\uxtheme.dll
0x0000000068790000 - 0x000000006879b000 	C:\Windows\system32\atkogl64.DLL
0x000000005f380000 - 0x00000000611b1000 	C:\Windows\system32\nvoglv64.dll
0x000007fefd150000 - 0x000007fefd189000 	C:\Windows\system32\WINTRUST.dll
0x000007fefd190000 - 0x000007fefd2f6000 	C:\Windows\system32\CRYPT32.dll
0x000007fefd0a0000 - 0x000007fefd0af000 	C:\Windows\system32\MSASN1.dll
0x000007fefb320000 - 0x000007fefb34d000 	C:\Windows\system32\ntmarta.dll
0x000007fefea10000 - 0x000007fefea60000 	C:\Windows\system32\WLDAP32.dll
0x000007fef9f10000 - 0x000007fef9fac000 	C:\Windows\system32\mscms.dll
0x000007feee720000 - 0x000007feee762000 	C:\Windows\system32\icm32.dll
0x0000000068760000 - 0x0000000068784000 	D:\Program Files\Java\jdk1.8.0_40\jre\bin\sunec.dll
0x0000000070a40000 - 0x0000000070adc000 	D:\.gradle\caches\minecraft\net\minecraft\minecraft_natives\1.8\avutil-ttv-51.dll
0x0000000011f00000 - 0x0000000011f56000 	D:\.gradle\caches\minecraft\net\minecraft\minecraft_natives\1.8\swresample-ttv-0.dll
0x000000006eb80000 - 0x000000006ec50000 	D:\.gradle\caches\minecraft\net\minecraft\minecraft_natives\1.8\libmp3lame-ttv.dll
0x000007feec5b0000 - 0x000007feed954000 	D:\.gradle\caches\minecraft\net\minecraft\minecraft_natives\1.8\libmfxsw64.dll
0x000007feec440000 - 0x000007feec5ad000 	D:\.gradle\caches\minecraft\net\minecraft\minecraft_natives\1.8\twitchsdk.dll
0x000007fefe8d0000 - 0x000007fefe9fc000 	C:\Windows\system32\WININET.dll
0x000007fefefb0000 - 0x000007feff129000 	C:\Windows\system32\urlmon.dll
0x000007fefec10000 - 0x000007fefee68000 	C:\Windows\system32\iertutil.dll
0x0000000012070000 - 0x00000000120d4000 	D:\.gradle\caches\minecraft\net\minecraft\minecraft_natives\1.8\OpenAL64.dll
0x000007fefef10000 - 0x000007fefefa9000 	C:\Windows\system32\CLBCatQ.DLL
0x000007fefb950000 - 0x000007fefb99b000 	C:\Windows\System32\MMDevApi.dll
0x000007fefb7d0000 - 0x000007fefb8fc000 	C:\Windows\System32\PROPSYS.dll
0x000007feec3b0000 - 0x000007feec438000 	C:\Windows\system32\dsound.dll
0x000007fefb9a0000 - 0x000007fefb9cc000 	C:\Windows\system32\POWRPROF.dll
0x000007fefac90000 - 0x000007fefacdf000 	C:\Windows\system32\AUDIOSES.DLL
0x00000000649d0000 - 0x0000000064a17000 	D:\Program Files\Java\jdk1.8.0_40\jre\bin\fontmanager.dll
0x000007fef8e10000 - 0x000007fef900f000 	C:\Windows\system32\d3d9.dll
0x000007fef8e00000 - 0x000007fef8e07000 	C:\Windows\system32\d3d8thk.dll
0x0000000074a50000 - 0x0000000074c43000 	C:\Windows\system32\atklumdispx.dll
0x000007fef4ae0000 - 0x000007fef5bbe000 	C:\Windows\system32\nvd3dumx.dll
0x00000000748a0000 - 0x0000000074a28000 	C:\Windows\system32\nvspcap64.dll
0x000007fef4860000 - 0x000007fef49c7000 	C:\Program Files (x86)\NVIDIA Corporation\3D Vision\nvSCPAPI64.dll
0x00000000557d0000 - 0x0000000055811000 	D:\Program Files\Java\jdk1.8.0_40\jre\bin\t2k.dll
0x000007fef7350000 - 0x000007fef7475000 	C:\Windows\system32\dbghelp.dll

VM Arguments:
jvm_args: -agentlib:jdwp=transport=dt_socket,address=127.0.0.1:50379,suspend=y,server=n -javaagent:C:\Users\user\.IdeaIC14\system\groovyHotSwap\gragent.jar -Dfile.encoding=windows-1250 
java_command: GradleStart
java_class_path (initial): D:\Program Files\Java\jdk1.8.0_40\jre\lib\charsets.jar;D:\Program Files\Java\jdk1.8.0_40\jre\lib\deploy.jar;D:\Program Files\Java\jdk1.8.0_40\jre\lib\javaws.jar;D:\Program Files\Java\jdk1.8.0_40\jre\lib\jce.jar;D:\Program Files\Java\jdk1.8.0_40\jre\lib\jfr.jar;D:\Program Files\Java\jdk1.8.0_40\jre\lib\jfxswt.jar;D:\Program Files\Java\jdk1.8.0_40\jre\lib\jsse.jar;D:\Program Files\Java\jdk1.8.0_40\jre\lib\management-agent.jar;D:\Program Files\Java\jdk1.8.0_40\jre\lib\plugin.jar;D:\Program Files\Java\jdk1.8.0_40\jre\lib\resources.jar;D:\Program Files\Java\jdk1.8.0_40\jre\lib\rt.jar;D:\Program Files\Java\jdk1.8.0_40\jre\lib\ext\access-bridge-64.jar;D:\Program Files\Java\jdk1.8.0_40\jre\lib\ext\cldrdata.jar;D:\Program Files\Java\jdk1.8.0_40\jre\lib\ext\dnsns.jar;D:\Program Files\Java\jdk1.8.0_40\jre\lib\ext\jaccess.jar;D:\Program Files\Java\jdk1.8.0_40\jre\lib\ext\jfxrt.jar;D:\Program Files\Java\jdk1.8.0_40\jre\lib\ext\localedata.jar;D:\Program Files\Java\jdk1.8.0_40\jre\lib\ext\nashorn.jar;D:\Program Files\Java\jdk1.8.0_40\jre\lib\ext\sunec.jar;D:\Program Files\Java\jdk1.8.0_40\jre\lib\ext\sunjce_provider.jar;D:\Program Files\Java\jdk1.8.0_40\jre\lib\ext\sunmscapi.jar;D:\Program Files\Java\jdk1.8.0_40\jre\lib\ext\sunpkcs11.jar;D:\Program Files\Java\jdk1.8.0_40\jre\lib\ext\zipfs.jar;D:\energymod\build\classes\production\energymod;D:\.gradle\caches\minecraft\net\minecraftforge\forge\1.8-11.14.3.1502\snapshot\20141130\forgeBin-1.8-11.14.3.1502.jar;C:\Users\user\.gradle\caches\modules-2\files-2.1\net.minecraft\launchwrapper\1.12\111e7bea9c968cdb3d06ef4632bf7ff0824d0f36\launchwrapper-1.12.jar;C:\Users\user\.gradle\caches\modules-2\files-2.1\org.ow2.asm\asm-debug-all\5.0.3\f9e364ae2a66ce2a543012a4668856e84e5dab74\asm-debug-all-5.0.3.jar;C:\Users\user\.gradle\caches\modules-2\files-2.1\com.typesafe.akka\akka-actor_2.11\2.3.3\ed62e9fc709ca0f2ff1a3220daa8b70a2870078e\akka-actor_2.11-2.3.3.jar;C:\Users\user\.gradle\caches\modules-2\files-2.1\com.types
Launcher Type: SUN_STANDARD

Environment Variables:
JAVA_HOME=D:\Program Files\Java\jdk1.8.0_40\
PATH=C:\ProgramData\Oracle\Java\javapath;C:\Windows\system32;C:\Windows;C:\Windows\System32\Wbem;C:\Windows\System32\WindowsPowerShell\v1.0\;d:\Program Files\ATI Technologies\ATI.ACE\Core-Static;D:\Program Files\Java\jdk1.8.0_40\bin;d:\Ruby22-x64\bin;C:\Users\user\AppData\Local\GitHub\PortableGit_c2ba306e536fdf878271f7fe636a147ff37326ad\bin;D:\Program Files (x86)\apache-maven-3.3.3\bin;d:\Program Files (x86)\Git\cmd;D:\Program Files (x86)\GitExtensions\;D:\Program Files (x86)\Dev-Cpp\MinGW64\bin
USERNAME=user
OS=Windows_NT
PROCESSOR_IDENTIFIER=Intel64 Family 15 Model 6 Stepping 5, GenuineIntel



---------------  S Y S T E M  ---------------

OS: Windows 7 , 64 bit Build 7600 (6.1.7600.16385)

CPU:total 2 (2 cores per cpu, 1 threads per core) family 15 model 6 stepping 5, cmov, cx8, fxsr, mmx, sse, sse2, sse3, tsc

Memory: 4k page, physical 3276088k(167488k free), swap 4570120k(4220k free)

vm_info: Java HotSpot(TM) 64-Bit Server VM (25.40-b25) for windows-amd64 JRE (1.8.0_40-b26), built on Mar  7 2015 13:51:59 by "java_re" with MS VC++ 10.0 (VS2010)

time: Tue Aug 18 18:12:14 2015
elapsed time: 136 seconds (0d 0h 2m 16s)

